0 info it worked if it ends with ok
1 verbose cli [ '/Users/norbertsienkiewicz/.nvm/versions/node/v5.8.0/bin/node',
1 verbose cli   '/Users/norbertsienkiewicz/.nvm/versions/node/v5.8.0/bin/npm',
1 verbose cli   'start' ]
2 info using npm@3.7.3
3 info using node@v5.8.0
4 verbose run-script [ 'prestart', 'start', 'poststart' ]
5 info lifecycle ng1-webpack@1.0.0~prestart: ng1-webpack@1.0.0
6 silly lifecycle ng1-webpack@1.0.0~prestart: no script for prestart, continuing
7 info lifecycle ng1-webpack@1.0.0~start: ng1-webpack@1.0.0
8 verbose lifecycle ng1-webpack@1.0.0~start: unsafe-perm in lifecycle true
9 verbose lifecycle ng1-webpack@1.0.0~start: PATH: /Users/norbertsienkiewicz/.nvm/versions/node/v5.8.0/lib/node_modules/npm/bin/node-gyp-bin:/Users/norbertsienkiewicz/Projekty/own/egghead/ng1-webpack/node_modules/.bin:/Users/norbertsienkiewicz/.nvm/versions/node/v5.8.0/bin:/Users/norbertsienkiewicz/.nvm/versions/node/v5.8.0/bin:/usr/local/heroku/bin:/Users/Norbert/.rbenv/shims:/Users/Norbert/.rbenv/bin:/Library/Java/JavaVirtualMachines/jdk1.7.0_51.jdk/Contents/Home/bin:/usr/local/bin:/usr/bin:/bin:/usr/sbin:/sbin:/opt/X11/bin:/usr/local/git/bin:/Users/Norbert/Dev/adt-bundle-mac/sdk/tools:/Users/Norbert/Dev/adt-bundle-mac/sdk/platform-tools:/Users/Norbert/Dev/apache-ant-1.9.2/bin:/usr/lib/postgresql/9.1/bin:/usr/local/bin:/usr/local/bin/npm:/usr/local/bin/coffee:/Users/Norbert/Dev/android-ndk-r9d/bin:/Library/Java/JavaVirtualMachines/jdk1.8.0_74.jdk/Contents/Home:/usr/local/opt/android-sdk/tools:/usr/local/opt/android-sdk/platform-tools:/Users/norbertsienkiewicz/android-sdk-macosx/platform-tools:/Users/norbertsienkiewicz/android-sdk-macosx/tools:/Users/norbertsienkiewicz/bin/diff-highlight:/Users/norbertsienkiewicz/Go/bin:/usr/local/opt/go/libexec/bin
10 verbose lifecycle ng1-webpack@1.0.0~start: CWD: /Users/norbertsienkiewicz/Projekty/own/egghead/ng1-webpack
11 silly lifecycle ng1-webpack@1.0.0~start: Args: [ '-c',
11 silly lifecycle   'node node_modules/.bin/webpack-dev-server --content-base app' ]
12 silly lifecycle ng1-webpack@1.0.0~start: Returned: code: 1  signal: null
13 info lifecycle ng1-webpack@1.0.0~start: Failed to exec start script
14 verbose stack Error: ng1-webpack@1.0.0 start: `node node_modules/.bin/webpack-dev-server --content-base app`
14 verbose stack Exit status 1
14 verbose stack     at EventEmitter.<anonymous> (/Users/norbertsienkiewicz/.nvm/versions/node/v5.8.0/lib/node_modules/npm/lib/utils/lifecycle.js:239:16)
14 verbose stack     at emitTwo (events.js:100:13)
14 verbose stack     at EventEmitter.emit (events.js:185:7)
14 verbose stack     at ChildProcess.<anonymous> (/Users/norbertsienkiewicz/.nvm/versions/node/v5.8.0/lib/node_modules/npm/lib/utils/spawn.js:24:14)
14 verbose stack     at emitTwo (events.js:100:13)
14 verbose stack     at ChildProcess.emit (events.js:185:7)
14 verbose stack     at maybeClose (internal/child_process.js:850:16)
14 verbose stack     at Process.ChildProcess._handle.onexit (internal/child_process.js:215:5)
15 verbose pkgid ng1-webpack@1.0.0
16 verbose cwd /Users/norbertsienkiewicz/Projekty/own/egghead/ng1-webpack
17 error Darwin 15.5.0
18 error argv "/Users/norbertsienkiewicz/.nvm/versions/node/v5.8.0/bin/node" "/Users/norbertsienkiewicz/.nvm/versions/node/v5.8.0/bin/npm" "start"
19 error node v5.8.0
20 error npm  v3.7.3
21 error code ELIFECYCLE
22 error ng1-webpack@1.0.0 start: `node node_modules/.bin/webpack-dev-server --content-base app`
22 error Exit status 1
23 error Failed at the ng1-webpack@1.0.0 start script 'node node_modules/.bin/webpack-dev-server --content-base app'.
23 error Make sure you have the latest version of node.js and npm installed.
23 error If you do, this is most likely a problem with the ng1-webpack package,
23 error not with npm itself.
23 error Tell the author that this fails on your system:
23 error     node node_modules/.bin/webpack-dev-server --content-base app
23 error You can get information on how to open an issue for this project with:
23 error     npm bugs ng1-webpack
23 error Or if that isn't available, you can get their info via:
23 error     npm owner ls ng1-webpack
23 error There is likely additional logging output above.
24 verbose exit [ 1, true ]
